<?xml version="1.0" encoding="UTF-8"?>
<!-- Generated by org.testng.reporters.JUnitXMLReporter -->
<testsuite ignored="0" hostname="Manaskutty" failures="0" tests="2" name="Error message validations" time="0.505" errors="0" timestamp="2025-01-20T07:24:48 IST">
  <testcase classname="MJacademy.test.Errormessageval" name="loginerrval" time="0.0">
    <skipped/>
  </testcase> <!-- loginerrval -->
  <testcase classname="MJacademy.test.Errormessageval" name="producterrval" time="0.019">
    <skipped/>
  </testcase> <!-- producterrval -->
</testsuite> <!-- Error message validations -->
