<?xml version="1.0" encoding="UTF-8"?>
<!-- Generated by org.testng.reporters.JUnitXMLReporter -->
<testsuite ignored="0" hostname="Manaskutty" failures="0" tests="3" name="Error message validations" time="119.937" errors="0" timestamp="2025-01-20T07:45:14 IST">
  <testcase classname="MJacademy.test.Errormessageval" name="loginerrval" time="5.665">
    <skipped/>
  </testcase> <!-- loginerrval -->
  <testcase classname="MJacademy.test.Errormessageval" name="loginerrval" time="2.619"/>
  <testcase classname="MJacademy.test.Errormessageval" name="producterrval" time="21.754"/>
</testsuite> <!-- Error message validations -->
