<?xml version="1.0" encoding="UTF-8"?>
<testng-results retried="1" ignored="1" total="6" passed="4" failed="0" skipped="0">
  <reporter-output>
  </reporter-output>
  <suite started-at="2025-01-20T07:43:13 IST" name="Suite" finished-at="2025-01-20T07:45:13 IST" duration-ms="119937">
    <groups>
      <group name="Errormessage">
        <method signature="Errormessageval.loginerrval()[pri:0, instance:MJacademy.test.Errormessageval@78452606]" name="loginerrval" class="MJacademy.test.Errormessageval"/>
      </group> <!-- Errormessage -->
    </groups>
    <test started-at="2025-01-20T07:43:13 IST" name="Sumbit order flow" finished-at="2025-01-20T07:44:57 IST" duration-ms="103607">
      <class name="MJacademy.test.Submitorderflow">
        <test-method is-config="true" signature="launchapplication()[pri:0, instance:MJacademy.test.Submitorderflow@55cb6996]" started-at="2025-01-20T07:43:14 IST" name="launchapplication" finished-at="2025-01-20T07:43:38 IST" duration-ms="24627" status="PASS">
          <reporter-output>
          </reporter-output>
        </test-method> <!-- launchapplication -->
        <test-method signature="submitorder()[pri:0, instance:MJacademy.test.Submitorderflow@55cb6996]" started-at="2025-01-20T07:43:38 IST" name="submitorder" finished-at="2025-01-20T07:44:01 IST" duration-ms="22528" status="PASS">
          <reporter-output>
          </reporter-output>
        </test-method> <!-- submitorder -->
        <test-method is-config="true" signature="closebrowser()[pri:0, instance:MJacademy.test.Submitorderflow@55cb6996]" started-at="2025-01-20T07:44:01 IST" name="closebrowser" finished-at="2025-01-20T07:44:08 IST" duration-ms="6966" status="PASS">
          <reporter-output>
          </reporter-output>
        </test-method> <!-- closebrowser -->
        <test-method is-config="true" signature="launchapplication()[pri:0, instance:MJacademy.test.Submitorderflow@55cb6996]" started-at="2025-01-20T07:44:08 IST" name="launchapplication" finished-at="2025-01-20T07:44:36 IST" duration-ms="28178" status="PASS">
          <reporter-output>
          </reporter-output>
        </test-method> <!-- launchapplication -->
        <test-method signature="Orderhistroy()[pri:0, instance:MJacademy.test.Submitorderflow@55cb6996]" started-at="2025-01-20T07:44:36 IST" name="Orderhistroy" finished-at="2025-01-20T07:44:51 IST" depends-on-methods="MJacademy.test.Submitorderflow.submitorder" duration-ms="15121" status="PASS">
          <reporter-output>
          </reporter-output>
        </test-method> <!-- Orderhistroy -->
        <test-method is-config="true" signature="closebrowser()[pri:0, instance:MJacademy.test.Submitorderflow@55cb6996]" started-at="2025-01-20T07:44:51 IST" name="closebrowser" finished-at="2025-01-20T07:44:57 IST" duration-ms="5923" status="PASS">
          <reporter-output>
          </reporter-output>
        </test-method> <!-- closebrowser -->
      </class> <!-- MJacademy.test.Submitorderflow -->
    </test> <!-- Sumbit order flow -->
    <test started-at="2025-01-20T07:43:13 IST" name="Error message validations" finished-at="2025-01-20T07:45:13 IST" duration-ms="119937">
      <class name="MJacademy.test.Errormessageval">
        <test-method is-config="true" signature="launchapplication()[pri:0, instance:MJacademy.test.Errormessageval@78452606]" started-at="2025-01-20T07:43:14 IST" name="launchapplication" finished-at="2025-01-20T07:43:38 IST" duration-ms="24208" status="PASS">
          <reporter-output>
          </reporter-output>
        </test-method> <!-- launchapplication -->
        <test-method retried="true" signature="loginerrval()[pri:0, instance:MJacademy.test.Errormessageval@78452606]" started-at="2025-01-20T07:43:38 IST" name="loginerrval" finished-at="2025-01-20T07:43:44 IST" duration-ms="5665" status="SKIP">
          <exception class="org.openqa.selenium.StaleElementReferenceException">
            <message>
              <![CDATA[stale element reference: stale element not found in the current frame
  (Session info: chrome=131.0.6778.265)
For documentation on this error, please visit: https://www.selenium.dev/documentation/webdriver/troubleshooting/errors#stale-element-reference-exception
Build info: version: '4.27.0', revision: 'd6e718d134'
System info: os.name: 'Windows 11', os.arch: 'amd64', os.version: '10.0', java.version: '21.0.4'
Driver info: org.openqa.selenium.chrome.ChromeDriver
Command: [bd7f1fcb4dfb0243f09c1b4cfae4e996, getElementText {id=f.524A210DA429F407A558BEEC25055D71.d.92D2233245E3C30B964CDC72735F9976.e.17}]
Capabilities {acceptInsecureCerts: false, browserName: chrome, browserVersion: 131.0.6778.265, chrome: {chromedriverVersion: 131.0.6778.264 (2d05e315153..., userDataDir: C:\Users\madha\AppData\Loca...}, fedcm:accounts: true, goog:chromeOptions: {debuggerAddress: localhost:55118}, networkConnectionEnabled: false, pageLoadStrategy: normal, platformName: windows, proxy: Proxy(), se:cdp: ws://localhost:55118/devtoo..., se:cdpVersion: 131.0.6778.265, setWindowRect: true, strictFileInteractability: false, timeouts: {implicit: 0, pageLoad: 300000, script: 30000}, unhandledPromptBehavior: dismiss and notify, webauthn:extension:credBlob: true, webauthn:extension:largeBlob: true, webauthn:extension:minPinLength: true, webauthn:extension:prf: true, webauthn:virtualAuthenticators: true}
Element: [[ChromeDriver: chrome on windows (bd7f1fcb4dfb0243f09c1b4cfae4e996)] -> xpath: //div[@aria-label='Incorrect email or password.']]
Session ID: bd7f1fcb4dfb0243f09c1b4cfae4e996]]>
            </message>
            <full-stacktrace>
              <![CDATA[org.openqa.selenium.StaleElementReferenceException: stale element reference: stale element not found in the current frame
  (Session info: chrome=131.0.6778.265)
For documentation on this error, please visit: https://www.selenium.dev/documentation/webdriver/troubleshooting/errors#stale-element-reference-exception
Build info: version: '4.27.0', revision: 'd6e718d134'
System info: os.name: 'Windows 11', os.arch: 'amd64', os.version: '10.0', java.version: '21.0.4'
Driver info: org.openqa.selenium.chrome.ChromeDriver
Command: [bd7f1fcb4dfb0243f09c1b4cfae4e996, getElementText {id=f.524A210DA429F407A558BEEC25055D71.d.92D2233245E3C30B964CDC72735F9976.e.17}]
Capabilities {acceptInsecureCerts: false, browserName: chrome, browserVersion: 131.0.6778.265, chrome: {chromedriverVersion: 131.0.6778.264 (2d05e315153..., userDataDir: C:\Users\madha\AppData\Loca...}, fedcm:accounts: true, goog:chromeOptions: {debuggerAddress: localhost:55118}, networkConnectionEnabled: false, pageLoadStrategy: normal, platformName: windows, proxy: Proxy(), se:cdp: ws://localhost:55118/devtoo..., se:cdpVersion: 131.0.6778.265, setWindowRect: true, strictFileInteractability: false, timeouts: {implicit: 0, pageLoad: 300000, script: 30000}, unhandledPromptBehavior: dismiss and notify, webauthn:extension:credBlob: true, webauthn:extension:largeBlob: true, webauthn:extension:minPinLength: true, webauthn:extension:prf: true, webauthn:virtualAuthenticators: true}
Element: [[ChromeDriver: chrome on windows (bd7f1fcb4dfb0243f09c1b4cfae4e996)] -> xpath: //div[@aria-label='Incorrect email or password.']]
Session ID: bd7f1fcb4dfb0243f09c1b4cfae4e996
at java.base/jdk.internal.reflect.DirectConstructorHandleAccessor.newInstance(DirectConstructorHandleAccessor.java:62)
at java.base/java.lang.reflect.Constructor.newInstanceWithCaller(Constructor.java:502)
at java.base/java.lang.reflect.Constructor.newInstance(Constructor.java:486)
at org.openqa.selenium.remote.ErrorCodec.decode(ErrorCodec.java:167)
at org.openqa.selenium.remote.codec.w3c.W3CHttpResponseCodec.decode(W3CHttpResponseCodec.java:138)
at org.openqa.selenium.remote.codec.w3c.W3CHttpResponseCodec.decode(W3CHttpResponseCodec.java:50)
at org.openqa.selenium.remote.HttpCommandExecutor.execute(HttpCommandExecutor.java:190)
at org.openqa.selenium.remote.service.DriverCommandExecutor.invokeExecute(DriverCommandExecutor.java:216)
at org.openqa.selenium.remote.service.DriverCommandExecutor.execute(DriverCommandExecutor.java:174)
at org.openqa.selenium.remote.RemoteWebDriver.execute(RemoteWebDriver.java:545)
at org.openqa.selenium.remote.RemoteWebElement.execute(RemoteWebElement.java:223)
at org.openqa.selenium.remote.RemoteWebElement.getText(RemoteWebElement.java:191)
at java.base/jdk.internal.reflect.DirectMethodHandleAccessor.invoke(DirectMethodHandleAccessor.java:103)
at java.base/java.lang.reflect.Method.invoke(Method.java:580)
at org.openqa.selenium.support.pagefactory.internal.LocatingElementHandler.invoke(LocatingElementHandler.java:51)
at jdk.proxy2/jdk.proxy2.$Proxy11.getText(Unknown Source)
at MJacademy.pageobjects.Landing_page.loginerrormessagevalidation(Landing_page.java:63)
at MJacademy.test.Errormessageval.loginerrval(Errormessageval.java:24)
at java.base/jdk.internal.reflect.DirectMethodHandleAccessor.invoke(DirectMethodHandleAccessor.java:103)
at java.base/java.lang.reflect.Method.invoke(Method.java:580)
at org.testng.internal.invokers.MethodInvocationHelper.invokeMethod(MethodInvocationHelper.java:141)
at org.testng.internal.invokers.TestInvoker.invokeMethod(TestInvoker.java:686)
at org.testng.internal.invokers.TestInvoker.invokeTestMethod(TestInvoker.java:230)
at org.testng.internal.invokers.MethodRunner.runInSequence(MethodRunner.java:63)
at org.testng.internal.invokers.TestInvoker$MethodInvocationAgent.invoke(TestInvoker.java:992)
at org.testng.internal.invokers.TestInvoker.invokeTestMethods(TestInvoker.java:203)
at org.testng.internal.invokers.TestMethodWorker.invokeTestMethods(TestMethodWorker.java:154)
at org.testng.internal.invokers.TestMethodWorker.run(TestMethodWorker.java:134)
at java.base/java.util.ArrayList.forEach(ArrayList.java:1596)
at org.testng.TestRunner.privateRun(TestRunner.java:739)
at org.testng.TestRunner.run(TestRunner.java:614)
at org.testng.SuiteRunner.runTest(SuiteRunner.java:421)
at org.testng.SuiteRunner$SuiteWorker.run(SuiteRunner.java:463)
at org.testng.internal.thread.ThreadUtil.lambda$execute$0(ThreadUtil.java:64)
at java.base/java.util.concurrent.FutureTask.run(FutureTask.java:317)
at java.base/java.util.concurrent.ThreadPoolExecutor.runWorker(ThreadPoolExecutor.java:1144)
at java.base/java.util.concurrent.ThreadPoolExecutor$Worker.run(ThreadPoolExecutor.java:642)
at java.base/java.lang.Thread.run(Thread.java:1583)
]]>
            </full-stacktrace>
          </exception> <!-- org.openqa.selenium.StaleElementReferenceException -->
          <reporter-output>
          </reporter-output>
        </test-method> <!-- loginerrval -->
        <test-method is-config="true" signature="closebrowser()[pri:0, instance:MJacademy.test.Errormessageval@78452606]" started-at="2025-01-20T07:43:44 IST" name="closebrowser" finished-at="2025-01-20T07:43:45 IST" duration-ms="1903" status="PASS">
          <reporter-output>
          </reporter-output>
        </test-method> <!-- closebrowser -->
        <test-method is-config="true" signature="launchapplication()[pri:0, instance:MJacademy.test.Errormessageval@78452606]" started-at="2025-01-20T07:43:45 IST" name="launchapplication" finished-at="2025-01-20T07:44:08 IST" duration-ms="22821" status="PASS">
          <reporter-output>
          </reporter-output>
        </test-method> <!-- launchapplication -->
        <test-method signature="loginerrval()[pri:0, instance:MJacademy.test.Errormessageval@78452606]" started-at="2025-01-20T07:44:08 IST" name="loginerrval" finished-at="2025-01-20T07:44:11 IST" duration-ms="2619" status="PASS">
          <reporter-output>
          </reporter-output>
        </test-method> <!-- loginerrval -->
        <test-method is-config="true" signature="closebrowser()[pri:0, instance:MJacademy.test.Errormessageval@78452606]" started-at="2025-01-20T07:44:11 IST" name="closebrowser" finished-at="2025-01-20T07:44:11 IST" duration-ms="523" status="PASS">
          <reporter-output>
          </reporter-output>
        </test-method> <!-- closebrowser -->
        <test-method is-config="true" signature="launchapplication()[pri:0, instance:MJacademy.test.Errormessageval@78452606]" started-at="2025-01-20T07:44:11 IST" name="launchapplication" finished-at="2025-01-20T07:44:47 IST" duration-ms="35754" status="PASS">
          <reporter-output>
          </reporter-output>
        </test-method> <!-- launchapplication -->
        <test-method signature="producterrval()[pri:0, instance:MJacademy.test.Errormessageval@78452606]" started-at="2025-01-20T07:44:47 IST" name="producterrval" finished-at="2025-01-20T07:45:09 IST" duration-ms="21754" status="PASS">
          <reporter-output>
          </reporter-output>
        </test-method> <!-- producterrval -->
        <test-method is-config="true" signature="closebrowser()[pri:0, instance:MJacademy.test.Errormessageval@78452606]" started-at="2025-01-20T07:45:09 IST" name="closebrowser" finished-at="2025-01-20T07:45:13 IST" duration-ms="4399" status="PASS">
          <reporter-output>
          </reporter-output>
        </test-method> <!-- closebrowser -->
      </class> <!-- MJacademy.test.Errormessageval -->
    </test> <!-- Error message validations -->
  </suite> <!-- Suite -->
</testng-results>
